2021-06-15 07:18:03,385 - LeaguePyBotV2 - INFO - data={'canStartActivity': True, 'chatRoomId': 'ap~4c9eb510ebffd626a8ca498a8cbd4604213f5545@sec.pvp.net', 'chatRoomKey': 'tD9r3E2H4DHf8s1t', 'gameConfig': {'allowablePremadeSizes': [], 'customLobbyName': 'PRACTICE_TOOL', 'customMutatorName': 'GAME_CFG_PICK_BLIND', 'customRewardsDisabledReasons': [], 'customSpectatorPolicy': 'AllAllowed', 'customSpectators': [], 'customTeam100': [{'allowedChangeActivity': True, 'allowedInviteOthers': True, 'allowedKickOthers': True, 'allowedStartActivity': True, 'allowedToggleInvite': True, 'autoFillEligible': False, 'autoFillProtectedForPromos': False, 'autoFillProtectedForSoloing': False, 'autoFillProtectedForStreaking': False, 'botChampionId': 0, 'botDifficulty': 'NONE', 'botId': '', 'firstPositionPreference': '', 'isBot': False, 'isLeader': True, 'isSpectator': False, 'puuid': 'a98dfd18-0329-5bbf-ab30-b3d7dd9a9e93', 'ready': True, 'secondPositionPreference': '', 'showGhostedBanner': False, 'summonerIconId': 4928, 'summonerId': 2592564405913376, 'summonerInternalName': 'MVPython', 'summonerLevel': 38, 'summonerName': 'MVPython', 'teamId': 100}], 'customTeam200': [], 'gameMode': 'CLASSIC', 'isCustom': True, 'isLobbyFull': False, 'isTeamBuilderManaged': False, 'mapId': 11, 'maxHumanPlayers': 0, 'maxLobbySize': 10, 'maxTeamSize': 5, 'pickType': 'SimulPickStrategy', 'premadeSizeAllowed': True, 'queueId': -1, 'showPositionSelector': False}, 'invitations': [], 'localMember': {'allowedChangeActivity': True, 'allowedInviteOthers': True, 'allowedKickOthers': True, 'allowedStartActivity': True, 'allowedToggleInvite': True, 'autoFillEligible': False, 'autoFillProtectedForPromos': False, 'autoFillProtectedForSoloing': False, 'autoFillProtectedForStreaking': False, 'botChampionId': 0, 'botDifficulty': 'NONE', 'botId': '', 'firstPositionPreference': '', 'isBot': False, 'isLeader': True, 'isSpectator': False, 'puuid': 'a98dfd18-0329-5bbf-ab30-b3d7dd9a9e93', 'ready': True, 'secondPositionPreference': '', 'showGhostedBanner': False, 'summonerIconId': 4928, 'summonerId': 2592564405913376, 'summonerInternalName': 'MVPython', 'summonerLevel': 38, 'summonerName': 'MVPython', 'teamId': 100}, 'members': [{'allowedChangeActivity': True, 'allowedInviteOthers': True, 'allowedKickOthers': True, 'allowedStartActivity': True, 'allowedToggleInvite': True, 'autoFillEligible': False, 'autoFillProtectedForPromos': False, 'autoFillProtectedForSoloing': False, 'autoFillProtectedForStreaking': False, 'botChampionId': 0, 'botDifficulty': 'NONE', 'botId': '', 'firstPositionPreference': '', 'isBot': False, 'isLeader': True, 'isSpectator': False, 'puuid': 'a98dfd18-0329-5bbf-ab30-b3d7dd9a9e93', 'ready': True, 'secondPositionPreference': '', 'showGhostedBanner': False, 'summonerIconId': 4928, 'summonerId': 2592564405913376, 'summonerInternalName': 'MVPython', 'summonerLevel': 38, 'summonerName': 'MVPython', 'teamId': 100}], 'partyId': '', 'partyType': '', 'restrictions': None, 'warnings': None} status_code=200 (league_client.py:211)
2021-06-15 07:18:03,386 - LeaguePyBotV2 - WARNING - {'championId': 11, 'botDifficulty': 'EASY', 'teamId': '100'} (league_client.py:276)
2021-06-15 07:18:03,426 - LeaguePyBotV2 - INFO - data=None status_code=204 (league_client.py:280)
2021-06-15 07:18:03,426 - LeaguePyBotV2 - WARNING - {'championId': 58, 'botDifficulty': 'EASY', 'teamId': '100'} (league_client.py:276)
2021-06-15 07:18:03,470 - LeaguePyBotV2 - INFO - data=None status_code=204 (league_client.py:280)
2021-06-15 07:18:03,470 - LeaguePyBotV2 - WARNING - {'championId': 76, 'botDifficulty': 'EASY', 'teamId': '100'} (league_client.py:276)
2021-06-15 07:18:03,506 - LeaguePyBotV2 - INFO - data=None status_code=204 (league_client.py:280)
2021-06-15 07:18:03,506 - LeaguePyBotV2 - WARNING - {'championId': 30, 'botDifficulty': 'EASY', 'teamId': '100'} (league_client.py:276)
2021-06-15 07:18:03,557 - LeaguePyBotV2 - INFO - data=None status_code=204 (league_client.py:280)
2021-06-15 07:18:03,557 - LeaguePyBotV2 - WARNING - {'championId': 122, 'botDifficulty': 'EASY', 'teamId': '100'} (league_client.py:276)
2021-06-15 07:18:03,593 - LeaguePyBotV2 - INFO - data={'errorCode': 'RPC_ERROR', 'httpStatus': 431, 'implementationDetails': {}, 'message': 'Unable to create custom bot: Error response for POST /lol-login/v1/session/invoke: LCDS invoke to gameService.selectBotChampion failed: Server.Processing, com.riotgames.platform.game.TeamFullException : null'} status_code=431 (league_client.py:280)
2021-06-15 07:18:03,594 - LeaguePyBotV2 - WARNING - {'championId': 33, 'botDifficulty': 'MEDIUM', 'teamId': '200'} (league_client.py:276)
2021-06-15 07:18:03,634 - LeaguePyBotV2 - INFO - data=None status_code=204 (league_client.py:280)
2021-06-15 07:18:03,635 - LeaguePyBotV2 - WARNING - {'championId': 76, 'botDifficulty': 'MEDIUM', 'teamId': '200'} (league_client.py:276)
2021-06-15 07:18:03,666 - LeaguePyBotV2 - INFO - data=None status_code=204 (league_client.py:280)
2021-06-15 07:18:03,667 - LeaguePyBotV2 - WARNING - {'championId': 18, 'botDifficulty': 'MEDIUM', 'teamId': '200'} (league_client.py:276)
2021-06-15 07:18:03,704 - LeaguePyBotV2 - INFO - data=None status_code=204 (league_client.py:280)
2021-06-15 07:18:03,705 - LeaguePyBotV2 - WARNING - {'championId': 99, 'botDifficulty': 'MEDIUM', 'teamId': '200'} (league_client.py:276)
2021-06-15 07:18:03,767 - LeaguePyBotV2 - INFO - data=None status_code=204 (league_client.py:280)
2021-06-15 07:18:03,767 - LeaguePyBotV2 - WARNING - {'championId': 96, 'botDifficulty': 'MEDIUM', 'teamId': '200'} (league_client.py:276)
2021-06-15 07:18:03,810 - LeaguePyBotV2 - INFO - data=None status_code=204 (league_client.py:280)
2021-06-15 07:18:03,811 - LeaguePyBotV2 - WARNING - {'championId': 1, 'botDifficulty': 'MEDIUM', 'teamId': '200'} (league_client.py:276)
2021-06-15 07:18:03,849 - LeaguePyBotV2 - INFO - data={'errorCode': 'RPC_ERROR', 'httpStatus': 433, 'implementationDetails': {}, 'message': 'Unable to create custom bot: Error response for POST /lol-login/v1/session/invoke: LCDS invoke to gameService.selectBotChampion failed: Server.Processing, com.riotgames.platform.game.NotEnoughPlayersException : null'} status_code=433 (league_client.py:280)
2021-06-15 07:18:04,077 - LeaguePyBotV2 - DEBUG - Phase: BAN_PICK (league_client.py:101)
2021-06-15 07:18:04,077 - LeaguePyBotV2 - WARNING - Pick Champion (league_client.py:130)
2021-06-15 07:18:04,087 - LeaguePyBotV2 - DEBUG - Phase: BAN_PICK (league_client.py:101)
2021-06-15 07:18:04,088 - LeaguePyBotV2 - WARNING - Pick Champion (league_client.py:130)
2021-06-15 07:18:04,174 - LeaguePyBotV2 - ERROR - Could not pick champion (league_client.py:247)
2021-06-15 07:18:04,174 - LeaguePyBotV2 - DEBUG - data=None status_code=204 (league_client.py:248)
2021-06-15 07:18:04,197 - LeaguePyBotV2 - ERROR - Could not pick champion (league_client.py:247)
2021-06-15 07:18:04,197 - LeaguePyBotV2 - DEBUG - data={'errorCode': 'RPC_ERROR', 'httpStatus': 500, 'implementationDetails': {}, 'message': 'Error response for PATCH /lol-champ-select-legacy/v1/session/actions/10: Error response for POST /lol-login/v1/session/invoke: LCDS invoke to gameService.championSelectCompleted failed: Server.Processing, com.riotgames.platform.game.GameNotDraftModeTurnException : Player 2592564405913376 was attempting to finalize champ select out of turn in game [309681901]! gameturn[2] playerturn[1]'} status_code=500 (league_client.py:248)
2021-06-15 07:18:04,200 - LeaguePyBotV2 - DEBUG - Phase: BAN_PICK (league_client.py:101)
2021-06-15 07:18:04,200 - LeaguePyBotV2 - WARNING - Pick Champion (league_client.py:130)
2021-06-15 07:18:04,205 - LeaguePyBotV2 - DEBUG - Phase: BAN_PICK (league_client.py:101)
2021-06-15 07:18:04,205 - LeaguePyBotV2 - WARNING - Pick Champion (league_client.py:130)
2021-06-15 07:18:04,210 - LeaguePyBotV2 - DEBUG - Phase: BAN_PICK (league_client.py:101)
2021-06-15 07:18:04,210 - LeaguePyBotV2 - WARNING - Pick Champion (league_client.py:130)
2021-06-15 07:18:04,248 - LeaguePyBotV2 - ERROR - Could not pick champion (league_client.py:247)
2021-06-15 07:18:04,248 - LeaguePyBotV2 - DEBUG - data={'errorCode': 'RPC_ERROR', 'httpStatus': 400, 'implementationDetails': {}, 'message': 'Error response for PATCH /lol-champ-select-legacy/v1/session/actions/10: Action already completed'} status_code=400 (league_client.py:248)
2021-06-15 07:18:04,248 - LeaguePyBotV2 - ERROR - Could not pick champion (league_client.py:247)
2021-06-15 07:18:04,249 - LeaguePyBotV2 - DEBUG - data={'errorCode': 'RPC_ERROR', 'httpStatus': 400, 'implementationDetails': {}, 'message': 'Error response for PATCH /lol-champ-select-legacy/v1/session/actions/10: Action already completed'} status_code=400 (league_client.py:248)
2021-06-15 07:18:04,249 - LeaguePyBotV2 - ERROR - Could not pick champion (league_client.py:247)
2021-06-15 07:18:04,249 - LeaguePyBotV2 - DEBUG - data={'errorCode': 'RPC_ERROR', 'httpStatus': 400, 'implementationDetails': {}, 'message': 'Error response for PATCH /lol-champ-select-legacy/v1/session/actions/10: Action already completed'} status_code=400 (league_client.py:248)
2021-06-15 07:18:04,260 - LeaguePyBotV2 - DEBUG - Phase: FINALIZATION (league_client.py:101)
2021-06-15 07:18:04,262 - LeaguePyBotV2 - DEBUG - Phase: FINALIZATION (league_client.py:101)
2021-06-15 07:18:04,265 - LeaguePyBotV2 - DEBUG - Phase: FINALIZATION (league_client.py:101)
2021-06-15 07:18:26,557 - LeaguePyBotV2 - WARNING - Created ranked game (league_client.py:178)
2021-06-15 07:18:26,627 - LeaguePyBotV2 - WARNING - Lane position chosen (league_client.py:167)
2021-06-15 07:18:26,762 - LeaguePyBotV2 - WARNING - Matchmaking started (league_client.py:225)
2021-06-15 07:25:34,111 - LeaguePyBotV2 - ERROR - Could not accept ready check (league_client.py:94)
2021-06-15 07:25:34,112 - LeaguePyBotV2 - DEBUG - data=None status_code=204 (league_client.py:95)
2021-06-15 07:26:57,717 - LeaguePyBotV2 - ERROR - Could not accept ready check (league_client.py:94)
2021-06-15 07:26:57,717 - LeaguePyBotV2 - DEBUG - data=None status_code=204 (league_client.py:95)
2021-06-15 07:27:01,257 - LeaguePyBotV2 - ERROR - Could not accept ready check (league_client.py:94)
2021-06-15 07:27:01,257 - LeaguePyBotV2 - DEBUG - data={'errorCode': 'RPC_ERROR', 'httpStatus': 500, 'implementationDetails': {}, 'message': 'Failed to accept team builder ready check: Error response for POST /lol-lobby-team-builder/v1/ready-check/accept: Cannot accept team builder AFK check because the current phase is: CHAMPION_SELECT'} status_code=500 (league_client.py:95)
2021-06-15 07:27:01,431 - LeaguePyBotV2 - DEBUG - Phase: PLANNING (league_client.py:101)
2021-06-15 07:27:13,465 - LeaguePyBotV2 - DEBUG - Phase: PLANNING (league_client.py:101)
2021-06-15 07:27:46,057 - LeaguePyBotV2 - ERROR - Could not accept ready check (league_client.py:94)
2021-06-15 07:27:46,057 - LeaguePyBotV2 - DEBUG - data=None status_code=204 (league_client.py:95)
2021-06-15 07:34:28,843 - LeaguePyBotV2 - ERROR - Could not accept ready check (league_client.py:94)
2021-06-15 07:34:28,844 - LeaguePyBotV2 - DEBUG - data=None status_code=204 (league_client.py:95)
2021-06-15 07:34:32,165 - LeaguePyBotV2 - ERROR - Could not accept ready check (league_client.py:94)
2021-06-15 07:34:32,165 - LeaguePyBotV2 - DEBUG - data={'errorCode': 'RPC_ERROR', 'httpStatus': 500, 'implementationDetails': {}, 'message': 'Failed to accept team builder ready check: Error response for POST /lol-lobby-team-builder/v1/ready-check/accept: Cannot accept team builder AFK check because the current phase is: CHAMPION_SELECT'} status_code=500 (league_client.py:95)
2021-06-15 07:34:32,309 - LeaguePyBotV2 - DEBUG - Phase: PLANNING (league_client.py:101)
2021-06-15 07:34:45,838 - LeaguePyBotV2 - DEBUG - Phase: PLANNING (league_client.py:101)
2021-06-15 07:34:47,751 - LeaguePyBotV2 - DEBUG - Phase: PLANNING (league_client.py:101)
2021-06-15 07:34:56,102 - LeaguePyBotV2 - DEBUG - Phase: BAN_PICK (league_client.py:101)
2021-06-15 07:34:56,102 - LeaguePyBotV2 - WARNING - Ban Champion (league_client.py:120)
2021-06-15 07:34:56,226 - LeaguePyBotV2 - ERROR - Could not ban champion (league_client.py:266)
2021-06-15 07:34:56,226 - LeaguePyBotV2 - DEBUG - data=None status_code=204 (league_client.py:267)
2021-06-15 07:34:56,231 - LeaguePyBotV2 - DEBUG - Phase: BAN_PICK (league_client.py:101)
2021-06-15 07:34:56,440 - LeaguePyBotV2 - DEBUG - Phase: BAN_PICK (league_client.py:101)
2021-06-15 07:35:00,939 - LeaguePyBotV2 - DEBUG - Phase: BAN_PICK (league_client.py:101)
2021-06-15 07:35:01,436 - LeaguePyBotV2 - DEBUG - Phase: BAN_PICK (league_client.py:101)
2021-06-15 07:35:03,672 - LeaguePyBotV2 - DEBUG - Phase: BAN_PICK (league_client.py:101)
2021-06-15 07:35:04,175 - LeaguePyBotV2 - DEBUG - Phase: BAN_PICK (league_client.py:101)
2021-06-15 07:35:08,693 - LeaguePyBotV2 - DEBUG - Phase: BAN_PICK (league_client.py:101)
2021-06-15 07:35:09,161 - LeaguePyBotV2 - DEBUG - Phase: BAN_PICK (league_client.py:101)
2021-06-15 07:35:09,435 - LeaguePyBotV2 - DEBUG - Phase: BAN_PICK (league_client.py:101)
2021-06-15 07:35:11,148 - LeaguePyBotV2 - DEBUG - Phase: BAN_PICK (league_client.py:101)
2021-06-15 07:35:13,194 - LeaguePyBotV2 - DEBUG - Phase: BAN_PICK (league_client.py:101)
2021-06-15 07:35:19,618 - LeaguePyBotV2 - DEBUG - Phase: BAN_PICK (league_client.py:101)
2021-06-15 07:35:45,157 - LeaguePyBotV2 - DEBUG - Phase: BAN_PICK (league_client.py:101)
2021-06-15 07:35:45,606 - LeaguePyBotV2 - DEBUG - Phase: BAN_PICK (league_client.py:101)
2021-06-15 07:35:47,666 - LeaguePyBotV2 - DEBUG - Phase: BAN_PICK (league_client.py:101)
2021-06-15 07:35:48,084 - LeaguePyBotV2 - DEBUG - Phase: BAN_PICK (league_client.py:101)
2021-06-15 07:35:48,484 - LeaguePyBotV2 - DEBUG - Phase: BAN_PICK (league_client.py:101)
2021-06-15 07:35:49,039 - LeaguePyBotV2 - DEBUG - Phase: BAN_PICK (league_client.py:101)
2021-06-15 07:35:49,433 - LeaguePyBotV2 - DEBUG - Phase: BAN_PICK (league_client.py:101)
2021-06-15 07:35:49,620 - LeaguePyBotV2 - DEBUG - Phase: BAN_PICK (league_client.py:101)
2021-06-15 07:35:50,443 - LeaguePyBotV2 - DEBUG - Phase: BAN_PICK (league_client.py:101)
2021-06-15 07:35:50,803 - LeaguePyBotV2 - DEBUG - Phase: BAN_PICK (league_client.py:101)
2021-06-15 07:35:51,395 - LeaguePyBotV2 - DEBUG - Phase: BAN_PICK (league_client.py:101)
2021-06-15 07:35:51,954 - LeaguePyBotV2 - DEBUG - Phase: BAN_PICK (league_client.py:101)
2021-06-15 07:35:52,398 - LeaguePyBotV2 - DEBUG - Phase: BAN_PICK (league_client.py:101)
2021-06-15 07:35:52,770 - LeaguePyBotV2 - DEBUG - Phase: BAN_PICK (league_client.py:101)
2021-06-15 07:35:53,090 - LeaguePyBotV2 - DEBUG - Phase: BAN_PICK (league_client.py:101)
2021-06-15 07:35:53,923 - LeaguePyBotV2 - DEBUG - Phase: BAN_PICK (league_client.py:101)
2021-06-15 07:35:54,321 - LeaguePyBotV2 - DEBUG - Phase: BAN_PICK (league_client.py:101)
2021-06-15 07:35:54,423 - LeaguePyBotV2 - DEBUG - Phase: BAN_PICK (league_client.py:101)
2021-06-15 07:36:20,886 - LeaguePyBotV2 - DEBUG - Phase: BAN_PICK (league_client.py:101)
2021-06-15 07:36:26,281 - LeaguePyBotV2 - DEBUG - Phase: BAN_PICK (league_client.py:101)
2021-06-15 07:36:27,259 - LeaguePyBotV2 - DEBUG - Phase: BAN_PICK (league_client.py:101)
2021-06-15 07:36:29,757 - LeaguePyBotV2 - DEBUG - Phase: BAN_PICK (league_client.py:101)
2021-06-15 07:36:42,415 - LeaguePyBotV2 - DEBUG - Phase: BAN_PICK (league_client.py:101)
2021-06-15 07:36:43,047 - LeaguePyBotV2 - DEBUG - Phase: BAN_PICK (league_client.py:101)
2021-06-15 07:36:47,876 - LeaguePyBotV2 - DEBUG - Phase: BAN_PICK (league_client.py:101)
2021-06-15 07:36:53,992 - LeaguePyBotV2 - DEBUG - Phase: BAN_PICK (league_client.py:101)
2021-06-15 07:36:54,864 - LeaguePyBotV2 - DEBUG - Phase: BAN_PICK (league_client.py:101)
2021-06-15 07:36:56,337 - LeaguePyBotV2 - DEBUG - Phase: BAN_PICK (league_client.py:101)
2021-06-15 07:36:58,670 - LeaguePyBotV2 - DEBUG - Phase: BAN_PICK (league_client.py:101)
2021-06-15 07:36:58,670 - LeaguePyBotV2 - WARNING - Pick Champion (league_client.py:130)
2021-06-15 07:36:58,784 - LeaguePyBotV2 - ERROR - Could not pick champion (league_client.py:247)
2021-06-15 07:36:58,785 - LeaguePyBotV2 - DEBUG - data=None status_code=204 (league_client.py:248)
2021-06-15 07:36:58,804 - LeaguePyBotV2 - DEBUG - Phase: BAN_PICK (league_client.py:101)
2021-06-15 07:36:58,818 - LeaguePyBotV2 - DEBUG - Phase: FINALIZATION (league_client.py:101)
2021-06-15 07:37:28,826 - LeaguePyBotV2 - DEBUG - Phase: GAME_STARTING (league_client.py:101)
2021-06-15 08:05:50,259 - LeaguePyBotV2 - DEBUG - data='Honored by: 2592564405913376 Honor Details: HonorPlayerRequestHandler.HonorPlayerRequestPayload(gameId=309983288, summonerId=13990431, honorType=HEART)' status_code=200 (league_client.py:310)
2021-06-15 08:05:50,260 - LeaguePyBotV2 - WARNING - Commanded 13990431 (league_client.py:311)
2021-06-15 08:05:50,546 - LeaguePyBotV2 - WARNING - Reported 2738265419179712 (league_client.py:332)
2021-06-15 08:05:50,598 - LeaguePyBotV2 - WARNING - Reported 2740704140002624 (league_client.py:332)
2021-06-15 08:05:50,660 - LeaguePyBotV2 - WARNING - Reported 13990431 (league_client.py:332)
2021-06-15 08:05:50,716 - LeaguePyBotV2 - WARNING - Reported 23050388 (league_client.py:332)
2021-06-15 08:05:50,772 - LeaguePyBotV2 - WARNING - Reported 16050126 (league_client.py:332)
2021-06-15 08:05:50,869 - LeaguePyBotV2 - WARNING - Reported 2388421408837472 (league_client.py:332)
2021-06-15 08:05:50,953 - LeaguePyBotV2 - WARNING - Reported 14850526 (league_client.py:332)
2021-06-15 08:05:51,019 - LeaguePyBotV2 - WARNING - Reported 18110470 (league_client.py:332)
2021-06-15 08:05:51,349 - LeaguePyBotV2 - WARNING - Reported 6163515 (league_client.py:332)
2021-06-15 08:05:51,517 - LeaguePyBotV2 - WARNING - Created ranked game (league_client.py:178)
2021-06-15 08:05:51,641 - LeaguePyBotV2 - WARNING - Lane position chosen (league_client.py:167)
2021-06-15 08:05:51,933 - LeaguePyBotV2 - WARNING - Matchmaking started (league_client.py:225)
2021-06-15 08:08:32,037 - LeaguePyBotV2 - ERROR - Could not accept ready check (league_client.py:94)
2021-06-15 08:08:32,038 - LeaguePyBotV2 - DEBUG - data=None status_code=204 (league_client.py:95)
2021-06-15 08:08:37,793 - LeaguePyBotV2 - ERROR - Could not accept ready check (league_client.py:94)
2021-06-15 08:08:37,793 - LeaguePyBotV2 - DEBUG - data={'errorCode': 'RPC_ERROR', 'httpStatus': 500, 'implementationDetails': {}, 'message': 'Failed to accept team builder ready check: Error response for POST /lol-lobby-team-builder/v1/ready-check/accept: Cannot accept team builder AFK check because the current phase is: CHAMPION_SELECT'} status_code=500 (league_client.py:95)
2021-06-15 08:09:01,751 - LeaguePyBotV2 - DEBUG - Phase: BAN_PICK (league_client.py:101)
2021-06-15 08:09:01,751 - LeaguePyBotV2 - WARNING - Ban Champion (league_client.py:120)
2021-06-15 08:09:01,872 - LeaguePyBotV2 - ERROR - Could not ban champion (league_client.py:266)
2021-06-15 08:09:01,872 - LeaguePyBotV2 - DEBUG - data=None status_code=204 (league_client.py:267)
2021-06-15 08:09:01,876 - LeaguePyBotV2 - DEBUG - Phase: BAN_PICK (league_client.py:101)
2021-06-15 08:09:13,904 - LeaguePyBotV2 - DEBUG - Phase: BAN_PICK (league_client.py:101)
2021-06-15 08:09:19,423 - LeaguePyBotV2 - DEBUG - Phase: BAN_PICK (league_client.py:101)
2021-06-15 08:09:20,486 - LeaguePyBotV2 - DEBUG - Phase: BAN_PICK (league_client.py:101)
2021-06-15 08:09:23,213 - LeaguePyBotV2 - DEBUG - Phase: BAN_PICK (league_client.py:101)
2021-06-15 08:09:24,021 - LeaguePyBotV2 - DEBUG - Phase: BAN_PICK (league_client.py:101)
2021-06-15 08:09:26,706 - LeaguePyBotV2 - DEBUG - Phase: BAN_PICK (league_client.py:101)
2021-06-15 08:09:27,224 - LeaguePyBotV2 - DEBUG - Phase: BAN_PICK (league_client.py:101)
2021-06-15 08:09:31,214 - LeaguePyBotV2 - DEBUG - Phase: BAN_PICK (league_client.py:101)
2021-06-15 08:09:37,637 - LeaguePyBotV2 - DEBUG - Phase: BAN_PICK (league_client.py:101)
2021-06-15 08:09:57,764 - LeaguePyBotV2 - DEBUG - Phase: BAN_PICK (league_client.py:101)
2021-06-15 08:09:58,748 - LeaguePyBotV2 - DEBUG - Phase: BAN_PICK (league_client.py:101)
2021-06-15 08:10:00,516 - LeaguePyBotV2 - DEBUG - Phase: BAN_PICK (league_client.py:101)
2021-06-15 08:10:00,854 - LeaguePyBotV2 - DEBUG - Phase: BAN_PICK (league_client.py:101)
2021-06-15 08:10:01,563 - LeaguePyBotV2 - DEBUG - Phase: BAN_PICK (league_client.py:101)
2021-06-15 08:10:02,900 - LeaguePyBotV2 - DEBUG - Phase: BAN_PICK (league_client.py:101)
2021-06-15 08:10:04,313 - LeaguePyBotV2 - DEBUG - Phase: BAN_PICK (league_client.py:101)
2021-06-15 08:10:25,802 - LeaguePyBotV2 - DEBUG - Phase: BAN_PICK (league_client.py:101)
2021-06-15 08:10:26,528 - LeaguePyBotV2 - DEBUG - Phase: BAN_PICK (league_client.py:101)
2021-06-15 08:10:26,528 - LeaguePyBotV2 - WARNING - Pick Champion (league_client.py:130)
2021-06-15 08:10:26,586 - LeaguePyBotV2 - ERROR - Could not pick champion (league_client.py:247)
2021-06-15 08:10:26,586 - LeaguePyBotV2 - DEBUG - data=None status_code=204 (league_client.py:248)
2021-06-15 08:10:26,598 - LeaguePyBotV2 - DEBUG - Phase: BAN_PICK (league_client.py:101)
2021-06-15 08:10:54,258 - LeaguePyBotV2 - DEBUG - Phase: BAN_PICK (league_client.py:101)
2021-06-15 08:10:55,143 - LeaguePyBotV2 - DEBUG - Phase: BAN_PICK (league_client.py:101)
2021-06-15 08:10:56,061 - LeaguePyBotV2 - DEBUG - Phase: BAN_PICK (league_client.py:101)
2021-06-15 08:10:57,790 - LeaguePyBotV2 - DEBUG - Phase: BAN_PICK (league_client.py:101)
2021-06-15 08:11:12,112 - LeaguePyBotV2 - DEBUG - Phase: BAN_PICK (league_client.py:101)
2021-06-15 08:11:18,032 - LeaguePyBotV2 - DEBUG - Phase: BAN_PICK (league_client.py:101)
2021-06-15 08:11:25,483 - LeaguePyBotV2 - DEBUG - Phase: BAN_PICK (league_client.py:101)
2021-06-15 08:11:26,763 - LeaguePyBotV2 - DEBUG - Phase: BAN_PICK (league_client.py:101)
2021-06-15 08:11:32,832 - LeaguePyBotV2 - DEBUG - Phase: BAN_PICK (league_client.py:101)
2021-06-15 08:11:32,844 - LeaguePyBotV2 - DEBUG - Phase: FINALIZATION (league_client.py:101)
2021-06-15 08:11:32,857 - LeaguePyBotV2 - DEBUG - Phase: FINALIZATION (league_client.py:101)
2021-06-15 08:11:44,992 - LeaguePyBotV2 - DEBUG - Phase: FINALIZATION (league_client.py:101)
2021-06-15 08:12:02,845 - LeaguePyBotV2 - DEBUG - Phase: GAME_STARTING (league_client.py:101)
2021-06-15 08:40:45,343 - LeaguePyBotV2 - DEBUG - data='Honored by: 2592564405913376 Honor Details: HonorPlayerRequestHandler.HonorPlayerRequestPayload(gameId=309973764, summonerId=18130171, honorType=HEART)' status_code=200 (league_client.py:310)
2021-06-15 08:40:45,344 - LeaguePyBotV2 - WARNING - Commanded 18130171 (league_client.py:311)
2021-06-15 08:40:46,133 - LeaguePyBotV2 - WARNING - Reported 18130171 (league_client.py:332)
2021-06-15 08:40:46,184 - LeaguePyBotV2 - WARNING - Reported 23243067 (league_client.py:332)
2021-06-15 08:40:46,248 - LeaguePyBotV2 - WARNING - Reported 11860888 (league_client.py:332)
2021-06-15 08:40:46,304 - LeaguePyBotV2 - WARNING - Reported 6163515 (league_client.py:332)
2021-06-15 08:40:46,419 - LeaguePyBotV2 - WARNING - Reported 6653779 (league_client.py:332)
2021-06-15 08:40:46,478 - LeaguePyBotV2 - WARNING - Reported 7061962 (league_client.py:332)
2021-06-15 08:40:46,529 - LeaguePyBotV2 - WARNING - Reported 14850526 (league_client.py:332)
2021-06-15 08:40:46,584 - LeaguePyBotV2 - WARNING - Reported 2627073988101344 (league_client.py:332)
2021-06-15 08:40:46,702 - LeaguePyBotV2 - WARNING - Reported 2728467704808768 (league_client.py:332)
2021-06-15 08:40:47,126 - LeaguePyBotV2 - WARNING - Created ranked game (league_client.py:178)
2021-06-15 08:40:47,249 - LeaguePyBotV2 - WARNING - Lane position chosen (league_client.py:167)
2021-06-15 08:40:47,480 - LeaguePyBotV2 - WARNING - Matchmaking started (league_client.py:225)
2021-06-15 08:42:45,804 - LeaguePyBotV2 - ERROR - Could not accept ready check (league_client.py:94)
2021-06-15 08:42:45,804 - LeaguePyBotV2 - DEBUG - data=None status_code=204 (league_client.py:95)
2021-06-15 08:45:26,984 - LeaguePyBotV2 - ERROR - Fail create_ranked_game (league_client.py:181)
2021-06-15 08:45:26,984 - LeaguePyBotV2 - DEBUG - data={'errorCode': 'RPC_ERROR', 'httpStatus': 423, 'implementationDetails': {}, 'message': 'Gameflow prevented a lobby.'} status_code=423 (league_client.py:182)
2021-06-15 08:45:27,034 - LeaguePyBotV2 - ERROR - Fail choose_lane_position (league_client.py:170)
2021-06-15 08:45:27,034 - LeaguePyBotV2 - DEBUG - data={'errorCode': 'RPC_ERROR', 'httpStatus': 400, 'implementationDetails': {}, 'message': 'INVALID_REQUEST'} status_code=400 (league_client.py:171)
2021-06-15 08:45:27,120 - LeaguePyBotV2 - WARNING - Matchmaking started (league_client.py:226)
2021-06-15 08:46:39,835 - LeaguePyBotV2 - ERROR - Could not accept ready check (league_client.py:95)
2021-06-15 08:46:39,835 - LeaguePyBotV2 - DEBUG - data=None status_code=204 (league_client.py:96)
2021-06-15 08:46:45,841 - LeaguePyBotV2 - ERROR - Could not accept ready check (league_client.py:95)
2021-06-15 08:46:45,843 - LeaguePyBotV2 - DEBUG - data={'errorCode': 'RPC_ERROR', 'httpStatus': 500, 'implementationDetails': {}, 'message': 'Failed to accept team builder ready check: Error response for POST /lol-lobby-team-builder/v1/ready-check/accept: Cannot accept team builder AFK check because the current phase is: CHAMPION_SELECT'} status_code=500 (league_client.py:96)
2021-06-15 08:46:55,606 - LeaguePyBotV2 - DEBUG - Phase: PLANNING (league_client.py:102)
2021-06-15 08:46:56,750 - LeaguePyBotV2 - DEBUG - Phase: PLANNING (league_client.py:102)
2021-06-15 08:47:09,831 - LeaguePyBotV2 - DEBUG - Phase: BAN_PICK (league_client.py:102)
2021-06-15 08:47:09,831 - LeaguePyBotV2 - WARNING - Ban Champion (league_client.py:121)
2021-06-15 08:47:09,917 - LeaguePyBotV2 - ERROR - Could not ban champion (league_client.py:267)
2021-06-15 08:47:09,917 - LeaguePyBotV2 - DEBUG - data=None status_code=204 (league_client.py:268)
2021-06-15 08:47:09,922 - LeaguePyBotV2 - DEBUG - Phase: BAN_PICK (league_client.py:102)
2021-06-15 08:47:10,537 - LeaguePyBotV2 - DEBUG - Phase: BAN_PICK (league_client.py:102)
2021-06-15 08:47:11,512 - LeaguePyBotV2 - DEBUG - Phase: BAN_PICK (league_client.py:102)
2021-06-15 08:47:12,023 - LeaguePyBotV2 - DEBUG - Phase: BAN_PICK (league_client.py:102)
2021-06-15 08:47:13,891 - LeaguePyBotV2 - DEBUG - Phase: BAN_PICK (league_client.py:102)
2021-06-15 08:47:14,354 - LeaguePyBotV2 - DEBUG - Phase: BAN_PICK (league_client.py:102)
2021-06-15 08:49:50,094 - LeaguePyBotV2 - ERROR - Could not accept ready check (league_client.py:95)
2021-06-15 08:49:50,094 - LeaguePyBotV2 - DEBUG - data=None status_code=204 (league_client.py:96)
2021-06-15 08:49:54,235 - LeaguePyBotV2 - ERROR - Could not accept ready check (league_client.py:95)
2021-06-15 08:49:54,235 - LeaguePyBotV2 - DEBUG - data={'errorCode': 'RPC_ERROR', 'httpStatus': 500, 'implementationDetails': {}, 'message': 'Failed to accept team builder ready check: Error response for POST /lol-lobby-team-builder/v1/ready-check/accept: Cannot accept team builder AFK check because the current phase is: CHAMPION_SELECT'} status_code=500 (league_client.py:96)
2021-06-15 08:49:54,464 - LeaguePyBotV2 - DEBUG - Phase: PLANNING (league_client.py:102)
2021-06-15 08:50:18,262 - LeaguePyBotV2 - DEBUG - Phase: BAN_PICK (league_client.py:102)
2021-06-15 08:50:18,262 - LeaguePyBotV2 - WARNING - Ban Champion (league_client.py:121)
2021-06-15 08:50:18,352 - LeaguePyBotV2 - ERROR - Could not ban champion (league_client.py:267)
2021-06-15 08:50:18,352 - LeaguePyBotV2 - DEBUG - data=None status_code=204 (league_client.py:268)
2021-06-15 08:50:18,357 - LeaguePyBotV2 - DEBUG - Phase: BAN_PICK (league_client.py:102)
2021-06-15 08:50:28,100 - LeaguePyBotV2 - DEBUG - Phase: BAN_PICK (league_client.py:102)
2021-06-15 08:50:28,783 - LeaguePyBotV2 - DEBUG - Phase: BAN_PICK (league_client.py:102)
2021-06-15 08:50:32,098 - LeaguePyBotV2 - DEBUG - Phase: BAN_PICK (league_client.py:102)
2021-06-15 08:50:32,719 - LeaguePyBotV2 - DEBUG - Phase: BAN_PICK (league_client.py:102)
2021-06-15 08:50:46,132 - LeaguePyBotV2 - DEBUG - Phase: BAN_PICK (league_client.py:102)
2021-06-15 08:50:47,099 - LeaguePyBotV2 - DEBUG - Phase: BAN_PICK (league_client.py:102)
2021-06-15 08:50:49,424 - LeaguePyBotV2 - DEBUG - Phase: BAN_PICK (league_client.py:102)
2021-06-15 08:50:51,217 - LeaguePyBotV2 - DEBUG - Phase: BAN_PICK (league_client.py:102)
2021-06-15 08:50:57,629 - LeaguePyBotV2 - DEBUG - Phase: BAN_PICK (league_client.py:102)
2021-06-15 08:51:14,282 - LeaguePyBotV2 - DEBUG - Phase: BAN_PICK (league_client.py:102)
2021-06-15 08:51:19,486 - LeaguePyBotV2 - DEBUG - Phase: BAN_PICK (league_client.py:102)
2021-06-15 08:51:20,864 - LeaguePyBotV2 - DEBUG - Phase: BAN_PICK (league_client.py:102)
2021-06-15 08:51:21,464 - LeaguePyBotV2 - DEBUG - Phase: BAN_PICK (league_client.py:102)
2021-06-15 08:51:31,159 - LeaguePyBotV2 - DEBUG - Phase: BAN_PICK (league_client.py:102)
2021-06-15 08:51:36,652 - LeaguePyBotV2 - DEBUG - Phase: BAN_PICK (league_client.py:102)
2021-06-15 08:51:38,762 - LeaguePyBotV2 - DEBUG - Phase: BAN_PICK (league_client.py:102)
2021-06-15 08:51:40,021 - LeaguePyBotV2 - DEBUG - Phase: BAN_PICK (league_client.py:102)
2021-06-15 08:51:42,248 - LeaguePyBotV2 - DEBUG - Phase: BAN_PICK (league_client.py:102)
2021-06-15 08:51:42,421 - LeaguePyBotV2 - DEBUG - Phase: BAN_PICK (league_client.py:102)
2021-06-15 08:51:51,461 - LeaguePyBotV2 - DEBUG - Phase: BAN_PICK (league_client.py:102)
2021-06-15 08:52:02,557 - LeaguePyBotV2 - DEBUG - Phase: BAN_PICK (league_client.py:102)
2021-06-15 08:52:02,557 - LeaguePyBotV2 - WARNING - Pick Champion (league_client.py:131)
2021-06-15 08:52:02,615 - LeaguePyBotV2 - ERROR - Could not pick champion (league_client.py:248)
2021-06-15 08:52:02,615 - LeaguePyBotV2 - DEBUG - data=None status_code=204 (league_client.py:249)
2021-06-15 08:52:02,628 - LeaguePyBotV2 - DEBUG - Phase: BAN_PICK (league_client.py:102)
2021-06-15 08:52:20,475 - LeaguePyBotV2 - DEBUG - Phase: BAN_PICK (league_client.py:102)
2021-06-15 08:52:21,231 - LeaguePyBotV2 - DEBUG - Phase: BAN_PICK (league_client.py:102)
2021-06-15 08:52:24,731 - LeaguePyBotV2 - DEBUG - Phase: BAN_PICK (league_client.py:102)
2021-06-15 08:52:25,692 - LeaguePyBotV2 - DEBUG - Phase: FINALIZATION (league_client.py:102)
2021-06-15 08:52:55,780 - LeaguePyBotV2 - DEBUG - Phase: GAME_STARTING (league_client.py:102)
2021-06-15 09:32:19,002 - LeaguePyBotV2 - DEBUG - data='Honored by: 2592564405913376 Honor Details: HonorPlayerRequestHandler.HonorPlayerRequestPayload(gameId=309984210, summonerId=2592564405913376, honorType=HEART)' status_code=200 (league_client.py:310)
2021-06-15 09:32:19,003 - LeaguePyBotV2 - WARNING - Commanded 2592564405913376 (league_client.py:311)
2021-06-15 09:32:20,077 - LeaguePyBotV2 - WARNING - Reported 24483866 (league_client.py:352)
2021-06-15 09:32:20,126 - LeaguePyBotV2 - WARNING - Reported 17460436 (league_client.py:352)
2021-06-15 09:32:20,185 - LeaguePyBotV2 - WARNING - Reported 7132248 (league_client.py:352)
2021-06-15 09:32:20,245 - LeaguePyBotV2 - WARNING - Reported 7961022 (league_client.py:352)
2021-06-15 09:32:20,299 - LeaguePyBotV2 - WARNING - Reported 10010350 (league_client.py:352)
2021-06-15 09:32:20,360 - LeaguePyBotV2 - WARNING - Reported 24093344 (league_client.py:352)
2021-06-15 09:32:20,696 - LeaguePyBotV2 - WARNING - Reported 24542351 (league_client.py:352)
2021-06-15 09:32:20,752 - LeaguePyBotV2 - WARNING - Reported 16992255 (league_client.py:352)
2021-06-15 09:32:20,812 - LeaguePyBotV2 - WARNING - Reported 6167356 (league_client.py:352)
2021-06-15 09:32:20,961 - LeaguePyBotV2 - WARNING - Created ranked game (league_client.py:179)
2021-06-15 09:32:21,108 - LeaguePyBotV2 - WARNING - Lane position chosen (league_client.py:168)
2021-06-15 09:32:21,235 - LeaguePyBotV2 - WARNING - Matchmaking started (league_client.py:226)
2021-06-15 09:34:22,129 - LeaguePyBotV2 - ERROR - Could not accept ready check (league_client.py:95)
2021-06-15 09:34:22,129 - LeaguePyBotV2 - DEBUG - data=None status_code=204 (league_client.py:96)
